<?xml version="1.0" encoding="UTF-8"?>
<testng-results ignored="0" total="1" passed="1" failed="0" skipped="0">
  <reporter-output>
  </reporter-output>
  <suite started-at="2023-01-11T16:35:21 PKT" name="Kblive_V1" finished-at="2023-01-11T16:36:32 PKT" duration-ms="70668">
    <groups>
    </groups>
    <test started-at="2023-01-11T16:35:21 PKT" name="Influencer Marketing" finished-at="2023-01-11T16:36:32 PKT" duration-ms="70668">
      <class name="com.kblive.testCases.TC_CreateEvent_003">
        <test-method is-config="true" signature="setup(java.lang.String)[pri:0, instance:com.kblive.testCases.TC_CreateEvent_003@4218d6a3]" started-at="2023-01-11T16:35:22 PKT" name="setup" finished-at="2023-01-11T16:35:31 PKT" duration-ms="9215" status="PASS">
          <params>
            <param index="0">
              <value>
                <![CDATA[chrome]]>
              </value>
            </param>
          </params>
          <reporter-output>
          </reporter-output>
        </test-method> <!-- setup -->
        <test-method signature="createEvent()[pri:0, instance:com.kblive.testCases.TC_CreateEvent_003@4218d6a3]" started-at="2023-01-11T16:35:31 PKT" name="createEvent" finished-at="2023-01-11T16:36:32 PKT" duration-ms="61232" status="PASS">
          <reporter-output>
          </reporter-output>
        </test-method> <!-- createEvent -->
        <test-method is-config="true" signature="tearDown()[pri:0, instance:com.kblive.testCases.TC_CreateEvent_003@4218d6a3]" started-at="2023-01-11T16:36:32 PKT" name="tearDown" finished-at="2023-01-11T16:36:32 PKT" duration-ms="108" status="PASS">
          <reporter-output>
          </reporter-output>
        </test-method> <!-- tearDown -->
      </class> <!-- com.kblive.testCases.TC_CreateEvent_003 -->
    </test> <!-- Influencer Marketing -->
  </suite> <!-- Kblive_V1 -->
</testng-results>
